0 info it worked if it ends with ok
1 verbose cli [ 'C:\\Program Files\\nodejs\\\\node.exe',
1 verbose cli   'C:\\Program Files\\nodejs\\node_modules\\npm\\bin\\npm-cli.js',
1 verbose cli   'publish' ]
2 info using npm@2.5.1
3 info using node@v0.12.0
4 verbose node symlink C:\Program Files\nodejs\\node.exe
5 verbose publish [ '.' ]
6 silly cache add args [ '.', null ]
7 verbose cache add spec .
8 silly cache add parsed spec { raw: '.',
8 silly cache add   scope: null,
8 silly cache add   name: null,
8 silly cache add   rawSpec: '.',
8 silly cache add   spec: 'C:\\Users\\Andre\\image-scramble',
8 silly cache add   type: 'directory' }
9 verbose addLocalDirectory C:\Users\Andre\AppData\Roaming\npm-cache\image-scramble\1.0.2\package.tgz not in flight; packing
10 verbose tar pack [ 'C:\\Users\\Andre\\AppData\\Roaming\\npm-cache\\image-scramble\\1.0.2\\package.tgz',
10 verbose tar pack   'C:\\Users\\Andre\\image-scramble' ]
11 verbose tarball C:\Users\Andre\AppData\Roaming\npm-cache\image-scramble\1.0.2\package.tgz
12 verbose folder C:\Users\Andre\image-scramble
13 info prepublish image-scramble@1.0.2
14 verbose addLocalTarball adding from inside cache C:\Users\Andre\AppData\Roaming\npm-cache\image-scramble\1.0.2\package.tgz
15 silly cache afterAdd image-scramble@1.0.2
16 verbose afterAdd C:\Users\Andre\AppData\Roaming\npm-cache\image-scramble\1.0.2\package\package.json not in flight; writing
17 verbose afterAdd C:\Users\Andre\AppData\Roaming\npm-cache\image-scramble\1.0.2\package\package.json written
18 silly publish { name: 'image-scramble',
18 silly publish   version: '1.0.2',
18 silly publish   description: 'Image Scramble with Seed',
18 silly publish   main: 'index.js',
18 silly publish   scripts: { test: 'mocha test.js' },
18 silly publish   keywords:
18 silly publish    [ 'scramble',
18 silly publish      'image',
18 silly publish      'scramble',
18 silly publish      'image',
18 silly publish      'image',
18 silly publish      'shuffle',
18 silly publish      'shuffle',
18 silly publish      'safety',
18 silly publish      'safety',
18 silly publish      'image',
18 silly publish      'protect' ],
18 silly publish   author: { name: 'Andre Caetano' },
18 silly publish   license: 'MIT',
18 silly publish   devDependencies:
18 silly publish    { chai: '^3.4.0',
18 silly publish      gulp: '^3.9.0',
18 silly publish      'gulp-bump': '^1.0.0',
18 silly publish      'gulp-git': '^1.6.0',
18 silly publish      'gulp-rename': '^1.2.2',
18 silly publish      'gulp-tag-version': '^1.3.0',
18 silly publish      'gulp-uglify': '^1.4.2',
18 silly publish      'gulp-util': '^3.0.7',
18 silly publish      i: '^0.3.3',
18 silly publish      mocha: '^2.3.3',
18 silly publish      'run-sequence': '^1.1.4',
18 silly publish      wrench: '^1.5.8',
18 silly publish      yargs: '^3.29.0' },
18 silly publish   dependencies:
18 silly publish    { async: '^1.5.0',
18 silly publish      jimp: '^0.2.9',
18 silly publish      lodash: '^3.10.1',
18 silly publish      'shuffle-seed': '^1.1.5' },
18 silly publish   readme: '# Image-scramble\n\n[![npm version](https://badge.fury.io/js/image-scramble.svg)](https://badge.fury.io/js/image-scramble) [![Build Status](https://travis-ci.org/webcaetano/image-scramble.svg?branch=master)](https://travis-ci.org/webcaetano/image-scramble) \nScramble/Unscramble Images\n\nVery useful for protect canvas spritesheets.\n\n### Example\n\n#### Scramble (Server-Side)\n![](http://i.imgur.com/4oReaij.png)\n\n#### Unscramble (Client-Side)\n![](http://i.imgur.com/AwfN1Gq.png)\n\n### Usage Example\n\n```javascript\nvar imgScramble = require(\'image-scramble\');\n\n\nimgScramble({\n\timage:\'test/sample2.png\', // source\n\tseed:\'Kappa\', // seed\n\tsliceSize:5, // slice size\n\tdest:\'test/sample2_crop.png\' // dest\n},function(err){\n\t\n})\n```\n\n## Options\n\n#### image\n- Path to image source\n\n#### seed\n- Seed to shuffle in same sequence\n\n#### sliceSize\n- size of each slice\n\n#### dest\n- Destination of scrambled image\n\n### Installation \n\n```\nnpm install image-scramble\n```\n\n\n## UnsrcambleImg (Client-Side)\n\n#### Installation\n```\nbower install unscramble-img\n```\n\n#### Usage \n\n```javascript\n// unscrambleImg(src,sliceSize,seed)\n\nvar canvas = unscrambleImg(img,sliceSize,\'Kappa\');\n```\n\n#### Phaser Example\n\n```javascript\nvar bmp = unscrambleImg(img,sliceSize,\'Kappa\',game.add.bitmapData(img.width,img.height));\nvar sprite = game.add.sprite(0, 0, bmp);\n```\n',
18 silly publish   readmeFilename: 'README.md',
18 silly publish   gitHead: '4111798a5262d75312dc781ccacf27d54346b22d',
18 silly publish   _id: 'image-scramble@1.0.2',
18 silly publish   _shasum: 'f298a5e695b8645db6d226871533e638ed3fc09c',
18 silly publish   _from: '.' }
19 silly mapToRegistry name image-scramble
20 silly mapToRegistry using default registry
21 silly mapToRegistry registry https://registry.npmjs.org/
22 silly mapToRegistry uri https://registry.npmjs.org/image-scramble
23 verbose publish registryBase https://registry.npmjs.org/
24 silly publish uploading C:\Users\Andre\AppData\Roaming\npm-cache\image-scramble\1.0.2\package.tgz
25 verbose request uri https://registry.npmjs.org/image-scramble
26 verbose request sending authorization for write operation
27 info attempt registry request try #1 at 6:49:03 AM
28 verbose request using bearer token for auth
29 verbose request id 2df392e60a920381
30 http request PUT https://registry.npmjs.org/image-scramble
31 http 403 https://registry.npmjs.org/image-scramble
32 verbose headers { 'content-type': 'application/json',
32 verbose headers   'cache-control': 'max-age=60',
32 verbose headers   'content-length': '95',
32 verbose headers   'accept-ranges': 'bytes',
32 verbose headers   date: 'Sat, 31 Oct 2015 08:49:06 GMT',
32 verbose headers   via: '1.1 varnish',
32 verbose headers   connection: 'keep-alive',
32 verbose headers   'x-served-by': 'cache-atl6225-ATL',
32 verbose headers   'x-cache': 'MISS',
32 verbose headers   'x-cache-hits': '0',
32 verbose headers   'x-timer': 'S1446281346.011463,VS0,VE864' }
33 verbose request invalidating C:\Users\Andre\AppData\Roaming\npm-cache\registry.npmjs.org\image-scramble on PUT
34 error publish Failed PUT 403
35 verbose stack Error: "You cannot publish over the previously published version 1.0.2." : image-scramble
35 verbose stack     at CachingRegistryClient.<anonymous> (C:\Program Files\nodejs\node_modules\npm\node_modules\npm-registry-client\lib\request.js:254:14)
35 verbose stack     at Request._callback (C:\Program Files\nodejs\node_modules\npm\node_modules\npm-registry-client\lib\request.js:178:14)
35 verbose stack     at Request.self.callback (C:\Program Files\nodejs\node_modules\npm\node_modules\request\request.js:344:22)
35 verbose stack     at Request.emit (events.js:110:17)
35 verbose stack     at Request.<anonymous> (C:\Program Files\nodejs\node_modules\npm\node_modules\request\request.js:1239:14)
35 verbose stack     at Request.emit (events.js:129:20)
35 verbose stack     at IncomingMessage.<anonymous> (C:\Program Files\nodejs\node_modules\npm\node_modules\request\request.js:1187:12)
35 verbose stack     at IncomingMessage.emit (events.js:129:20)
35 verbose stack     at _stream_readable.js:908:16
35 verbose stack     at process._tickCallback (node.js:355:11)
36 verbose statusCode 403
37 verbose pkgid image-scramble
38 verbose cwd C:\Users\Andre\image-scramble
39 error Windows_NT 6.3.9600
40 error argv "C:\\Program Files\\nodejs\\\\node.exe" "C:\\Program Files\\nodejs\\node_modules\\npm\\bin\\npm-cli.js" "publish"
41 error node v0.12.0
42 error npm  v2.5.1
43 error code E403
44 error "You cannot publish over the previously published version 1.0.2." : image-scramble
45 error If you need help, you may report this error at:
45 error     <http://github.com/npm/npm/issues>
46 verbose exit [ 1, true ]
